# 📖 SOTAFollow 更新日志

> 🤖 自动生成 | [查看完整日志](./sotafollow.log)

**快捷导航**: [📅 04-27](#📅-04-27)

---

## 📅 2026-04-27 (04-27) 🌟

**🌳 COMMIT**
- 🔄 Auto-update sotafollow.log
- 🔄 Auto-update sotafollow.log
- 🔄 Auto-update sotafollow.log
- 🔄 Auto-update sotafollow.log
- 🔄 Auto-update sotafollow.log
  _...还有 287 条_

**⚙️ CONFIG**
- [Config] test auto-push flow
- [Config] sotafollow.log 纳入Git跟踪

**🔬 FM**
- [FM] 新增GuideFlow精读报告：约束引导流匹配，端到端可控多模态规划
- [FM] MEM文件夹：去重自驾时序融合章节 + 调整章节顺序

**🎓 INTERVIEW**
- [面筋] 20260427 面试题更新

👥 **3 人** | 📝 **300 commits** | 📂 **0 files**

---
